<?xml version="1.0" encoding="UTF-8"?>
<coverage generated="1590643469996" clover="3.2.0">
  <project timestamp="1590643469997" name="All files">
    <metrics statements="31" coveredstatements="24" conditionals="8" coveredconditionals="6" methods="9" coveredmethods="5" elements="48" coveredelements="35" complexity="0" loc="31" ncloc="31" packages="2" files="3" classes="3"/>
    <package name="lib">
      <metrics statements="18" coveredstatements="15" conditionals="6" coveredconditionals="5" methods="3" coveredmethods="2"/>
      <file name="input.js" path="/mnt/c/Users/STD/codefellows/401/notes/lib/input.js">
        <metrics statements="18" coveredstatements="15" conditionals="6" coveredconditionals="5" methods="3" coveredmethods="2"/>
        <line num="2" count="1" type="stmt"/>
        <line num="6" count="1" type="stmt"/>
        <line num="7" count="1" type="stmt"/>
        <line num="8" count="1" type="stmt"/>
        <line num="9" count="1" type="stmt"/>
        <line num="10" count="1" type="stmt"/>
        <line num="11" count="1" type="stmt"/>
        <line num="12" count="1" type="stmt"/>
        <line num="13" count="1" type="stmt"/>
        <line num="14" count="1" type="stmt"/>
        <line num="18" count="2" type="cond" truecount="4" falsecount="0"/>
        <line num="20" count="1" type="stmt"/>
        <line num="22" count="1" type="cond" truecount="1" falsecount="1"/>
        <line num="24" count="0" type="stmt"/>
        <line num="28" count="1" type="stmt"/>
        <line num="42" count="0" type="stmt"/>
        <line num="46" count="0" type="stmt"/>
        <line num="49" count="1" type="stmt"/>
      </file>
    </package>
    <package name="lib.models">
      <metrics statements="13" coveredstatements="9" conditionals="2" coveredconditionals="1" methods="6" coveredmethods="3"/>
      <file name="notes-collection.js" path="/mnt/c/Users/STD/codefellows/401/notes/lib/models/notes-collection.js">
        <metrics statements="10" coveredstatements="6" conditionals="2" coveredconditionals="1" methods="6" coveredmethods="3"/>
        <line num="1" count="1" type="stmt"/>
        <line num="11" count="1" type="cond" truecount="1" falsecount="1"/>
        <line num="13" count="1" type="stmt"/>
        <line num="17" count="0" type="stmt"/>
        <line num="22" count="2" type="stmt"/>
        <line num="23" count="2" type="stmt"/>
        <line num="29" count="0" type="stmt"/>
        <line num="32" count="0" type="stmt"/>
        <line num="36" count="0" type="stmt"/>
        <line num="39" count="1" type="stmt"/>
      </file>
      <file name="notes-schema.js" path="/mnt/c/Users/STD/codefellows/401/notes/lib/models/notes-schema.js">
        <metrics statements="3" coveredstatements="3" conditionals="0" coveredconditionals="0" methods="0" coveredmethods="0"/>
        <line num="2" count="1" type="stmt"/>
        <line num="3" count="1" type="stmt"/>
        <line num="7" count="1" type="stmt"/>
      </file>
    </package>
  </project>
</coverage>
