<?xml version="1.0" encoding="UTF-8"?>
<coverage generated="1590659463484" clover="3.2.0">
  <project timestamp="1590659463484" name="All files">
    <metrics statements="35" coveredstatements="27" conditionals="12" coveredconditionals="6" methods="9" coveredmethods="7" elements="56" coveredelements="40" complexity="0" loc="35" ncloc="35" packages="2" files="3" classes="3"/>
    <package name="lib">
      <metrics statements="17" coveredstatements="14" conditionals="6" coveredconditionals="5" methods="3" coveredmethods="2"/>
      <file name="input.js" path="/mnt/c/Users/STD/codefellows/401/notes-v-2.0/lib/input.js">
        <metrics statements="17" coveredstatements="14" conditionals="6" coveredconditionals="5" methods="3" coveredmethods="2"/>
        <line num="2" count="1" type="stmt"/>
        <line num="6" count="1" type="stmt"/>
        <line num="7" count="1" type="stmt"/>
        <line num="8" count="1" type="stmt"/>
        <line num="9" count="1" type="stmt"/>
        <line num="10" count="1" type="stmt"/>
        <line num="11" count="1" type="stmt"/>
        <line num="12" count="1" type="stmt"/>
        <line num="13" count="1" type="stmt"/>
        <line num="17" count="2" type="cond" truecount="4" falsecount="0"/>
        <line num="19" count="1" type="stmt"/>
        <line num="21" count="1" type="cond" truecount="1" falsecount="1"/>
        <line num="23" count="0" type="stmt"/>
        <line num="27" count="1" type="stmt"/>
        <line num="41" count="0" type="stmt"/>
        <line num="45" count="0" type="stmt"/>
        <line num="48" count="1" type="stmt"/>
      </file>
    </package>
    <package name="lib.models">
      <metrics statements="18" coveredstatements="13" conditionals="6" coveredconditionals="1" methods="6" coveredmethods="5"/>
      <file name="notes-collection.js" path="/mnt/c/Users/STD/codefellows/401/notes-v-2.0/lib/models/notes-collection.js">
        <metrics statements="15" coveredstatements="10" conditionals="6" coveredconditionals="1" methods="6" coveredmethods="5"/>
        <line num="1" count="1" type="stmt"/>
        <line num="2" count="1" type="stmt"/>
        <line num="3" count="1" type="stmt"/>
        <line num="13" count="1" type="cond" truecount="1" falsecount="1"/>
        <line num="15" count="1" type="stmt"/>
        <line num="19" count="0" type="stmt"/>
        <line num="24" count="4" type="stmt"/>
        <line num="25" count="4" type="stmt"/>
        <line num="31" count="1" type="stmt"/>
        <line num="35" count="1" type="stmt"/>
        <line num="39" count="0" type="cond" truecount="0" falsecount="2"/>
        <line num="40" count="0" type="cond" truecount="0" falsecount="2"/>
        <line num="42" count="0" type="stmt"/>
        <line num="46" count="0" type="stmt"/>
        <line num="50" count="1" type="stmt"/>
      </file>
      <file name="notes-schema.js" path="/mnt/c/Users/STD/codefellows/401/notes-v-2.0/lib/models/notes-schema.js">
        <metrics statements="3" coveredstatements="3" conditionals="0" coveredconditionals="0" methods="0" coveredmethods="0"/>
        <line num="2" count="1" type="stmt"/>
        <line num="3" count="1" type="stmt"/>
        <line num="7" count="1" type="stmt"/>
      </file>
    </package>
  </project>
</coverage>
